<?xml version="1.0" encoding="UTF-8"?>
<!-- Generated by org.testng.reporters.JUnitReportReporter -->
<testsuite skipped="0" hostname="LAPTOP-7COIQNKA" name="com.qa.testcases.StaffViewTestCase" tests="1" failures="0" timestamp="2022-06-16T17:07:35 IST" time="38.156" errors="0">
  <testcase name="staffViewPublishShiftTest" time="38.156" classname="com.qa.testcases.StaffViewTestCase"/>
  <system-out/>
</testsuite> <!-- com.qa.testcases.StaffViewTestCase -->
