<?xml version="1.0" encoding="UTF-8"?>
<!-- Generated by org.testng.reporters.JUnitReportReporter -->
<testsuite skipped="4" hostname="LAPTOP-7COIQNKA" name="com.qa.testcases.TimeSheetStaffTestCase" tests="5" failures="0" timestamp="2022-06-13T13:01:09 IST" time="34.822" errors="0">
  <testcase name="exportStaffTimeshett" time="34.822" classname="com.qa.testcases.TimeSheetStaffTestCase"/>
  <system-out/>
  <testcase name="addPayrolColumn" classname="com.qa.testcases.TimeSheetStaffTestCase">
    <skipped/>
  </testcase> <!-- addPayrolColumn -->
  <system-out/>
  <testcase name="detailView" classname="com.qa.testcases.TimeSheetStaffTestCase">
    <skipped/>
  </testcase> <!-- detailView -->
  <system-out/>
  <testcase name="timeSheetCalendar" classname="com.qa.testcases.TimeSheetStaffTestCase">
    <skipped/>
  </testcase> <!-- timeSheetCalendar -->
  <system-out/>
  <testcase name="timeSheetTab" classname="com.qa.testcases.TimeSheetStaffTestCase">
    <skipped/>
  </testcase> <!-- timeSheetTab -->
  <system-out/>
</testsuite> <!-- com.qa.testcases.TimeSheetStaffTestCase -->
